0 info it worked if it ends with ok
1 verbose cli [ '/usr/bin/nodejs', '/usr/bin/npm', 'start' ]
2 info using npm@3.5.2
3 info using node@v4.2.6
4 verbose run-script [ 'prestart', 'start', 'poststart' ]
5 info lifecycle pizzeria@1.0.0~prestart: pizzeria@1.0.0
6 verbose lifecycle pizzeria@1.0.0~prestart: unsafe-perm in lifecycle true
7 verbose lifecycle pizzeria@1.0.0~prestart: PATH: /usr/share/npm/bin/node-gyp-bin:/home/ja/Projekty/pizzeria/node_modules/.bin:/home/ja/bin:/home/ja/.local/bin:/home/ja/bin:/home/ja/.local/bin:/usr/local/sbin:/usr/local/bin:/usr/sbin:/usr/bin:/sbin:/bin:/usr/games:/usr/local/games:/snap/bin:/snap/bin
8 verbose lifecycle pizzeria@1.0.0~prestart: CWD: /home/ja/Projekty/pizzeria
9 silly lifecycle pizzeria@1.0.0~prestart: Args: [ '-c',
9 silly lifecycle   'cpx ./bower_components/bootstrap/dist/css/bootstrap.min.css ./public/bootstrap/ && cpx ./bower_components/bootstrap/dist/js/bootstrap.min.js ./public/bootstrap/ && cpx ./bower_components/jquery/dist/jquery.min.js ./public/jquery/' ]
10 silly lifecycle pizzeria@1.0.0~prestart: Returned: code: 0  signal: null
11 info lifecycle pizzeria@1.0.0~start: pizzeria@1.0.0
12 verbose lifecycle pizzeria@1.0.0~start: unsafe-perm in lifecycle true
13 verbose lifecycle pizzeria@1.0.0~start: PATH: /usr/share/npm/bin/node-gyp-bin:/home/ja/Projekty/pizzeria/node_modules/.bin:/home/ja/bin:/home/ja/.local/bin:/home/ja/bin:/home/ja/.local/bin:/usr/local/sbin:/usr/local/bin:/usr/sbin:/usr/bin:/sbin:/bin:/usr/games:/usr/local/games:/snap/bin:/snap/bin
14 verbose lifecycle pizzeria@1.0.0~start: CWD: /home/ja/Projekty/pizzeria
15 silly lifecycle pizzeria@1.0.0~start: Args: [ '-c', 'tsc' ]
16 silly lifecycle pizzeria@1.0.0~start: Returned: code: 0  signal: null
17 info lifecycle pizzeria@1.0.0~poststart: pizzeria@1.0.0
18 verbose lifecycle pizzeria@1.0.0~poststart: unsafe-perm in lifecycle true
19 verbose lifecycle pizzeria@1.0.0~poststart: PATH: /usr/share/npm/bin/node-gyp-bin:/home/ja/Projekty/pizzeria/node_modules/.bin:/home/ja/bin:/home/ja/.local/bin:/home/ja/bin:/home/ja/.local/bin:/usr/local/sbin:/usr/local/bin:/usr/sbin:/usr/bin:/sbin:/bin:/usr/games:/usr/local/games:/snap/bin:/snap/bin
20 verbose lifecycle pizzeria@1.0.0~poststart: CWD: /home/ja/Projekty/pizzeria
21 silly lifecycle pizzeria@1.0.0~poststart: Args: [ '-c', 'node ./bin/www.js' ]
22 silly lifecycle pizzeria@1.0.0~poststart: Returned: code: 1  signal: null
23 info lifecycle pizzeria@1.0.0~poststart: Failed to exec poststart script
24 verbose stack Error: pizzeria@1.0.0 poststart: `node ./bin/www.js`
24 verbose stack Exit status 1
24 verbose stack     at EventEmitter.<anonymous> (/usr/share/npm/lib/utils/lifecycle.js:232:16)
24 verbose stack     at emitTwo (events.js:87:13)
24 verbose stack     at EventEmitter.emit (events.js:172:7)
24 verbose stack     at ChildProcess.<anonymous> (/usr/share/npm/lib/utils/spawn.js:24:14)
24 verbose stack     at emitTwo (events.js:87:13)
24 verbose stack     at ChildProcess.emit (events.js:172:7)
24 verbose stack     at maybeClose (internal/child_process.js:821:16)
24 verbose stack     at Process.ChildProcess._handle.onexit (internal/child_process.js:211:5)
25 verbose pkgid pizzeria@1.0.0
26 verbose cwd /home/ja/Projekty/pizzeria
27 error Linux 4.8.0-53-generic
28 error argv "/usr/bin/nodejs" "/usr/bin/npm" "start"
29 error node v4.2.6
30 error npm  v3.5.2
31 error code ELIFECYCLE
32 error pizzeria@1.0.0 poststart: `node ./bin/www.js`
32 error Exit status 1
33 error Failed at the pizzeria@1.0.0 poststart script 'node ./bin/www.js'.
33 error Make sure you have the latest version of node.js and npm installed.
33 error If you do, this is most likely a problem with the pizzeria package,
33 error not with npm itself.
33 error Tell the author that this fails on your system:
33 error     node ./bin/www.js
33 error You can get information on how to open an issue for this project with:
33 error     npm bugs pizzeria
33 error Or if that isn't available, you can get their info via:
33 error     npm owner ls pizzeria
33 error There is likely additional logging output above.
34 verbose exit [ 1, true ]
